<?xml version="1.0" encoding="UTF-8"?>
<testsuite xmlns:xsi="http://www.w3.org/2001/XMLSchema-instance" xsi:schemaLocation="https://maven.apache.org/surefire/maven-surefire-plugin/xsd/surefire-test-report.xsd" name="com.realpage.flex.FlexPammChat.FlexPammChatCucumberTest" time="36.374" tests="22" errors="0" skipped="15" failures="2">
  <properties>
[...]
</properties>
  <testcase name="Given QA Tester wants to navigate the content of Flexloginpage" classname="| QA Tester | Flexloginpage | test-leasing.agent@realpage.onmicrosoft.com | Testflex123! |" time="0.002"/>
  <testcase name="And Agent enters User name test-leasing.agent@realpage.onmicrosoft.com" classname="| QA Tester | Flexloginpage | test-leasing.agent@realpage.onmicrosoft.com | Testflex123! |" time="0"/>
  <testcase name="And Agent enters password Testflex123!" classname="| QA Tester | Flexloginpage | test-leasing.agent@realpage.onmicrosoft.com | Testflex123! |" time="0"/>
  <testcase name="And Agent selects Sign In" classname="| QA Tester | Flexloginpage | test-leasing.agent@realpage.onmicrosoft.com | Testflex123! |" time="0"/>
  <testcase name="Then Agent is logged in" classname="| QA Tester | Flexloginpage | test-leasing.agent@realpage.onmicrosoft.com | Testflex123! |" time="0"/>
  <testcase name="And Agent opens a widget in a new window" classname="| QA Tester | Flexloginpage | test-leasing.agent@realpage.onmicrosoft.com | Testflex123! |" time="0.012">
    <failure message="Cannot open flex in a new tab" type="java.lang.AssertionError">java.lang.AssertionError: Cannot open flex in a new tab
</failure>
    <system-out><![CDATA[UIComponentMap getComponent key: flexpammchat
]]></system-out>
  </testcase>
  <testcase name="| QA Tester | Flexloginpage | test-leasing.agent@realpage.onmicrosoft.com | Testflex123! |" classname="| QA Tester | Flexloginpage | test-leasing.agent@realpage.onmicrosoft.com | Testflex123! |" time="0.012">
    <failure message="Cannot open flex in a new tab" type="java.lang.AssertionError">java.lang.AssertionError: Cannot open flex in a new tab
</failure>
  </testcase>
  <testcase name="When Consumer selects CHAT" classname="| QA Tester | Flexloginpage | test-leasing.agent@realpage.onmicrosoft.com | Testflex123! |" time="0">
    <skipped/>
  </testcase>
  <testcase name="And Consumer enters first name &quot;Ary&quot;" classname="| QA Tester | Flexloginpage | test-leasing.agent@realpage.onmicrosoft.com | Testflex123! |" time="0">
    <skipped/>
  </testcase>
  <testcase name="And Consumer enters last name &quot;Rez&quot;" classname="| QA Tester | Flexloginpage | test-leasing.agent@realpage.onmicrosoft.com | Testflex123! |" time="0">
    <skipped/>
  </testcase>
  <testcase name="And Consumer enters email address &quot;aryana.rezai@realpage.com&quot;" classname="| QA Tester | Flexloginpage | test-leasing.agent@realpage.onmicrosoft.com | Testflex123! |" time="0">
    <skipped/>
  </testcase>
  <testcase name="And consumer enters phone number" classname="| QA Tester | Flexloginpage | test-leasing.agent@realpage.onmicrosoft.com | Testflex123! |" time="0">
    <skipped/>
  </testcase>
  <testcase name="And Consumer clicks the START CHATTING button" classname="| QA Tester | Flexloginpage | test-leasing.agent@realpage.onmicrosoft.com | Testflex123! |" time="0">
    <skipped/>
  </testcase>
  <testcase name="And User logs in to PAMM" classname="| QA Tester | Flexloginpage | test-leasing.agent@realpage.onmicrosoft.com | Testflex123! |" time="0">
    <skipped/>
  </testcase>
  <testcase name="And User validates contacts name" classname="| QA Tester | Flexloginpage | test-leasing.agent@realpage.onmicrosoft.com | Testflex123! |" time="0">
    <skipped/>
  </testcase>
  <testcase name="And User enters a message from the Agent" classname="| QA Tester | Flexloginpage | test-leasing.agent@realpage.onmicrosoft.com | Testflex123! |" time="0">
    <skipped/>
  </testcase>
  <testcase name="And User verifies that the contact received the message" classname="| QA Tester | Flexloginpage | test-leasing.agent@realpage.onmicrosoft.com | Testflex123! |" time="0">
    <skipped/>
  </testcase>
  <testcase name="And User verifies agents nickname on the widget" classname="| QA Tester | Flexloginpage | test-leasing.agent@realpage.onmicrosoft.com | Testflex123! |" time="0">
    <skipped/>
  </testcase>
  <testcase name="And User sends a message from the widget" classname="| QA Tester | Flexloginpage | test-leasing.agent@realpage.onmicrosoft.com | Testflex123! |" time="0">
    <skipped/>
  </testcase>
  <testcase name="And User verifies that the agent received the message" classname="| QA Tester | Flexloginpage | test-leasing.agent@realpage.onmicrosoft.com | Testflex123! |" time="0">
    <skipped/>
  </testcase>
  <testcase name="And User verifies the info section" classname="| QA Tester | Flexloginpage | test-leasing.agent@realpage.onmicrosoft.com | Testflex123! |" time="0">
    <skipped/>
  </testcase>
  <testcase name="And User sends a canned response from the agent" classname="| QA Tester | Flexloginpage | test-leasing.agent@realpage.onmicrosoft.com | Testflex123! |" time="0">
    <skipped/>
  </testcase>
</testsuite>