<?xml version="1.0" encoding="UTF-8"?>
<testsuite xmlns:xsi="http://www.w3.org/2001/XMLSchema-instance" xsi:schemaLocation="https://maven.apache.org/surefire/maven-surefire-plugin/xsd/surefire-test-report.xsd" name="com.realpage.ui.Properties.PropertiesCucumberTest" time="45.023" tests="28" errors="0" skipped="0" failures="0">
  <properties>
[...]
</properties>
  <testcase name="Given QA Tester wants to navigate the content of LoginPage" classname="| QA Tester | LoginPage | Villa Verano |" time="0.002"/>
  <testcase name="And User have landed on Login Page" classname="| QA Tester | LoginPage | Villa Verano |" time="0"/>
  <testcase name="When User enters valid username &quot;aryana.rezai@realpage.com&quot;" classname="| QA Tester | LoginPage | Villa Verano |" time="0"/>
  <testcase name="And User enters valid password &quot;password&quot;" classname="| QA Tester | LoginPage | Villa Verano |" time="0"/>
  <testcase name="And User clicks on Login Button" classname="| QA Tester | LoginPage | Villa Verano |" time="0"/>
  <testcase name="And User is directed to the Home Page &quot;/properties&quot;" classname="| QA Tester | LoginPage | Villa Verano |" time="0"/>
  <testcase name="When User expands the Naigation Menu" classname="| QA Tester | LoginPage | Villa Verano |" time="0"/>
  <testcase name="And User clicks on Properties" classname="| QA Tester | LoginPage | Villa Verano |" time="0"/>
  <testcase name="Then User is directed to the Properties Page &quot;/properties&quot;" classname="| QA Tester | LoginPage | Villa Verano |" time="0"/>
  <testcase name="When User clicks on the property search drop down" classname="| QA Tester | LoginPage | Villa Verano |" time="0"/>
  <testcase name="When User clicks on the property search drop down" classname="| QA Tester | LoginPage | Villa Verano |" time="0"/>
  <testcase name="When User clicks on the property search drop down" classname="| QA Tester | LoginPage | Villa Verano |" time="0"/>
  <testcase name="Then User sees a list of search options" classname="| QA Tester | LoginPage | Villa Verano |" time="0"/>
  <testcase name="And User picks Property Name" classname="| QA Tester | LoginPage | Villa Verano |" time="0"/>
  <testcase name="When User enters a Property Name Villa Verano" classname="| QA Tester | LoginPage | Villa Verano |" time="0"/>
  <testcase name="And User clicks on the search submit icon" classname="| QA Tester | LoginPage | Villa Verano |" time="0"/>
  <testcase name="And User clicks on the search submit icon" classname="| QA Tester | LoginPage | Villa Verano |" time="0"/>
  <testcase name="And User clicks on the search submit icon" classname="| QA Tester | LoginPage | Villa Verano |" time="0"/>
  <testcase name="And User sees information related to the search" classname="| QA Tester | LoginPage | Villa Verano |" time="0"/>
  <testcase name="And User sees information related to the search" classname="| QA Tester | LoginPage | Villa Verano |" time="0"/>
  <testcase name="And User sees information related to the search" classname="| QA Tester | LoginPage | Villa Verano |" time="0"/>
  <testcase name="And User picks Company Name" classname="| QA Tester | LoginPage | Villa Verano |" time="0"/>
  <testcase name="Then User enters a Company Name &quot;Essex&quot;" classname="| QA Tester | LoginPage | Villa Verano |" time="0"/>
  <testcase name="And User picks Property ID" classname="| QA Tester | LoginPage | Villa Verano |" time="0"/>
  <testcase name="Then User enters a Property ID &quot;7789&quot;" classname="| QA Tester | LoginPage | Villa Verano |" time="0"/>
  <testcase name="When User clicks on the actual property name" classname="| QA Tester | LoginPage | Villa Verano |" time="0"/>
  <testcase name="Then User is directed to the property details page &quot;/property/&quot;" classname="| QA Tester | LoginPage | Villa Verano |" time="0"/>
  <testcase name="| QA Tester | LoginPage | Villa Verano |" classname="| QA Tester | LoginPage | Villa Verano |" time="1.341"/>
</testsuite>